<?xml version="1.0" encoding="UTF-8"?>
<!DOCTYPE report PUBLIC "-//JACOCO//DTD Report 1.1//EN" "report.dtd"><report name="TestSingleModuleApplicationForJacocoCollector"><sessioninfo id="leos-iMac.local-81ac77cd" start="1588152750311" dump="1588161909112"/><package name="com/wzl/jacoco/entity" mark="unchanged"><class name="com/wzl/jacoco/entity/BookBasicInfo" sourcefilename="BookBasicInfo.java" mark="unchanged"><method name="getBookName" desc="()Ljava/lang/String;" line="12" mark="unchanged" endLine="13"><counter type="INSTRUCTION" missed="0" covered="3"/><counter type="LINE" missed="0" covered="1"/><counter type="COMPLEXITY" missed="0" covered="1"/><counter type="METHOD" missed="0" covered="1"/></method><method name="getStock" desc="()Ljava/lang/Integer;" line="14" mark="unchanged" endLine="115"><counter type="INSTRUCTION" missed="0" covered="3"/><counter type="LINE" missed="0" covered="1"/><counter type="COMPLEXITY" missed="0" covered="1"/><counter type="METHOD" missed="0" covered="1"/></method><method name="setBookName" desc="(Ljava/lang/String;)V" line="7" mark="unchanged" endLine="6"><counter type="INSTRUCTION" missed="0" covered="4"/><counter type="LINE" missed="0" covered="1"/><counter type="COMPLEXITY" missed="0" covered="1"/><counter type="METHOD" missed="0" covered="1"/></method><method name="setStock" desc="(Ljava/lang/Integer;)V" line="7" mark="unchanged" endLine="6"><counter type="INSTRUCTION" missed="0" covered="4"/><counter type="LINE" missed="0" covered="1"/><counter type="COMPLEXITY" missed="0" covered="1"/><counter type="METHOD" missed="0" covered="1"/></method><method name="equals" desc="(Ljava/lang/Object;)Z" line="7" mark="unchanged" endLine="6"><counter type="INSTRUCTION" missed="0" covered="55"/><counter type="BRANCH" missed="0" covered="18"/><counter type="LINE" missed="0" covered="1"/><counter type="COMPLEXITY" missed="0" covered="10"/><counter type="METHOD" missed="0" covered="1"/></method><method name="canEqual" desc="(Ljava/lang/Object;)Z" line="7" mark="unchanged" endLine="6"><counter type="INSTRUCTION" missed="0" covered="3"/><counter type="LINE" missed="0" covered="1"/><counter type="COMPLEXITY" missed="0" covered="1"/><counter type="METHOD" missed="0" covered="1"/></method><method name="hashCode" desc="()I" line="7" mark="unchanged" endLine="6"><counter type="INSTRUCTION" missed="0" covered="34"/><counter type="BRANCH" missed="0" covered="4"/><counter type="LINE" missed="0" covered="1"/><counter type="COMPLEXITY" missed="0" covered="3"/><counter type="METHOD" missed="0" covered="1"/></method><method name="toString" desc="()Ljava/lang/String;" line="7" mark="unchanged" endLine="7"><counter type="INSTRUCTION" missed="0" covered="17"/><counter type="LINE" missed="0" covered="1"/><counter type="COMPLEXITY" missed="0" covered="1"/><counter type="METHOD" missed="0" covered="1"/></method><method name="&lt;init&gt;" desc="(Ljava/lang/String;Ljava/lang/Integer;)V" line="8" mark="unchanged" endLine="8"><counter type="INSTRUCTION" missed="0" covered="9"/><counter type="LINE" missed="0" covered="1"/><counter type="COMPLEXITY" missed="0" covered="1"/><counter type="METHOD" missed="0" covered="1"/></method><method name="&lt;init&gt;" desc="()V" line="9" mark="unchanged" endLine="11"><counter type="INSTRUCTION" missed="0" covered="3"/><counter type="LINE" missed="0" covered="1"/><counter type="COMPLEXITY" missed="0" covered="1"/><counter type="METHOD" missed="0" covered="1"/></method><counter type="INSTRUCTION" missed="0" covered="135"/><counter type="BRANCH" missed="0" covered="22"/><counter type="LINE" missed="0" covered="10"/><counter type="COMPLEXITY" missed="0" covered="21"/><counter type="METHOD" missed="0" covered="10"/><counter type="CLASS" missed="1" covered="0"/></class><class name="com/wzl/jacoco/entity/BookStorageInfo" sourcefilename="BookStorageInfo.java" mark="unchanged"><method name="getBookName" desc="()Ljava/lang/String;" line="14" mark="unchanged" endLine="15"><counter type="INSTRUCTION" missed="0" covered="3"/><counter type="LINE" missed="0" covered="1"/><counter type="COMPLEXITY" missed="0" covered="1"/><counter type="METHOD" missed="0" covered="1"/></method><method name="getStock" desc="()Ljava/lang/Integer;" line="16" mark="unchanged" endLine="17"><counter type="INSTRUCTION" missed="0" covered="3"/><counter type="LINE" missed="0" covered="1"/><counter type="COMPLEXITY" missed="0" covered="1"/><counter type="METHOD" missed="0" covered="1"/></method><method name="getIouList" desc="()Ljava/util/LinkedList;" line="18" mark="unchanged" endLine="19"><counter type="INSTRUCTION" missed="0" covered="3"/><counter type="LINE" missed="0" covered="1"/><counter type="COMPLEXITY" missed="0" covered="1"/><counter type="METHOD" missed="0" covered="1"/></method><method name="getReturnLogs" desc="()Ljava/util/LinkedList;" line="20" mark="unchanged" endLine="121"><counter type="INSTRUCTION" missed="0" covered="3"/><counter type="LINE" missed="0" covered="1"/><counter type="COMPLEXITY" missed="0" covered="1"/><counter type="METHOD" missed="0" covered="1"/></method><method name="setBookName" desc="(Ljava/lang/String;)V" line="9" mark="unchanged" endLine="8"><counter type="INSTRUCTION" missed="0" covered="4"/><counter type="LINE" missed="0" covered="1"/><counter type="COMPLEXITY" missed="0" covered="1"/><counter type="METHOD" missed="0" covered="1"/></method><method name="setStock" desc="(Ljava/lang/Integer;)V" line="9" mark="unchanged" endLine="8"><counter type="INSTRUCTION" missed="0" covered="4"/><counter type="LINE" missed="0" covered="1"/><counter type="COMPLEXITY" missed="0" covered="1"/><counter type="METHOD" missed="0" covered="1"/></method><method name="setIouList" desc="(Ljava/util/LinkedList;)V" line="9" mark="unchanged" endLine="8"><counter type="INSTRUCTION" missed="0" covered="4"/><counter type="LINE" missed="0" covered="1"/><counter type="COMPLEXITY" missed="0" covered="1"/><counter type="METHOD" missed="0" covered="1"/></method><method name="setReturnLogs" desc="(Ljava/util/LinkedList;)V" line="9" mark="unchanged" endLine="8"><counter type="INSTRUCTION" missed="0" covered="4"/><counter type="LINE" missed="0" covered="1"/><counter type="COMPLEXITY" missed="0" covered="1"/><counter type="METHOD" missed="0" covered="1"/></method><method name="equals" desc="(Ljava/lang/Object;)Z" line="9" mark="unchanged" endLine="8"><counter type="INSTRUCTION" missed="0" covered="89"/><counter type="BRANCH" missed="0" covered="30"/><counter type="LINE" missed="0" covered="1"/><counter type="COMPLEXITY" missed="0" covered="16"/><counter type="METHOD" missed="0" covered="1"/></method><method name="canEqual" desc="(Ljava/lang/Object;)Z" line="9" mark="unchanged" endLine="8"><counter type="INSTRUCTION" missed="0" covered="3"/><counter type="LINE" missed="0" covered="1"/><counter type="COMPLEXITY" missed="0" covered="1"/><counter type="METHOD" missed="0" covered="1"/></method><method name="hashCode" desc="()I" line="9" mark="unchanged" endLine="8"><counter type="INSTRUCTION" missed="0" covered="62"/><counter type="BRANCH" missed="0" covered="8"/><counter type="LINE" missed="0" covered="1"/><counter type="COMPLEXITY" missed="0" covered="5"/><counter type="METHOD" missed="0" covered="1"/></method><method name="toString" desc="()Ljava/lang/String;" line="9" mark="unchanged" endLine="9"><counter type="INSTRUCTION" missed="0" covered="27"/><counter type="LINE" missed="0" covered="1"/><counter type="COMPLEXITY" missed="0" covered="1"/><counter type="METHOD" missed="0" covered="1"/></method><method name="&lt;init&gt;" desc="(Ljava/lang/String;Ljava/lang/Integer;Ljava/util/LinkedList;Ljava/util/LinkedList;)V" line="10" mark="unchanged" endLine="10"><counter type="INSTRUCTION" missed="0" covered="15"/><counter type="LINE" missed="0" covered="1"/><counter type="COMPLEXITY" missed="0" covered="1"/><counter type="METHOD" missed="0" covered="1"/></method><method name="&lt;init&gt;" desc="()V" line="11" mark="unchanged" endLine="13"><counter type="INSTRUCTION" missed="0" covered="3"/><counter type="LINE" missed="0" covered="1"/><counter type="COMPLEXITY" missed="0" covered="1"/><counter type="METHOD" missed="0" covered="1"/></method><counter type="INSTRUCTION" missed="0" covered="227"/><counter type="BRANCH" missed="0" covered="38"/><counter type="LINE" missed="0" covered="14"/><counter type="COMPLEXITY" missed="0" covered="33"/><counter type="METHOD" missed="0" covered="14"/><counter type="CLASS" missed="1" covered="0"/></class><class name="com/wzl/jacoco/entity/ReturnLog" sourcefilename="ReturnLog.java" mark="unchanged"><method name="getName" desc="()Ljava/lang/String;" line="12" mark="unchanged" endLine="13"><counter type="INSTRUCTION" missed="0" covered="3"/><counter type="LINE" missed="0" covered="1"/><counter type="COMPLEXITY" missed="0" covered="1"/><counter type="METHOD" missed="0" covered="1"/></method><method name="getReturnTime" desc="()Ljava/lang/String;" line="14" mark="unchanged" endLine="15"><counter type="INSTRUCTION" missed="0" covered="3"/><counter type="LINE" missed="0" covered="1"/><counter type="COMPLEXITY" missed="0" covered="1"/><counter type="METHOD" missed="0" covered="1"/></method><method name="getAmount" desc="()Ljava/lang/Integer;" line="16" mark="unchanged" endLine="117"><counter type="INSTRUCTION" missed="0" covered="3"/><counter type="LINE" missed="0" covered="1"/><counter type="COMPLEXITY" missed="0" covered="1"/><counter type="METHOD" missed="0" covered="1"/></method><method name="setName" desc="(Ljava/lang/String;)V" line="7" mark="unchanged" endLine="6"><counter type="INSTRUCTION" missed="0" covered="4"/><counter type="LINE" missed="0" covered="1"/><counter type="COMPLEXITY" missed="0" covered="1"/><counter type="METHOD" missed="0" covered="1"/></method><method name="setReturnTime" desc="(Ljava/lang/String;)V" line="7" mark="unchanged" endLine="6"><counter type="INSTRUCTION" missed="0" covered="4"/><counter type="LINE" missed="0" covered="1"/><counter type="COMPLEXITY" missed="0" covered="1"/><counter type="METHOD" missed="0" covered="1"/></method><method name="setAmount" desc="(Ljava/lang/Integer;)V" line="7" mark="unchanged" endLine="6"><counter type="INSTRUCTION" missed="0" covered="4"/><counter type="LINE" missed="0" covered="1"/><counter type="COMPLEXITY" missed="0" covered="1"/><counter type="METHOD" missed="0" covered="1"/></method><method name="equals" desc="(Ljava/lang/Object;)Z" line="7" mark="unchanged" endLine="6"><counter type="INSTRUCTION" missed="0" covered="72"/><counter type="BRANCH" missed="0" covered="24"/><counter type="LINE" missed="0" covered="1"/><counter type="COMPLEXITY" missed="0" covered="13"/><counter type="METHOD" missed="0" covered="1"/></method><method name="canEqual" desc="(Ljava/lang/Object;)Z" line="7" mark="unchanged" endLine="6"><counter type="INSTRUCTION" missed="0" covered="3"/><counter type="LINE" missed="0" covered="1"/><counter type="COMPLEXITY" missed="0" covered="1"/><counter type="METHOD" missed="0" covered="1"/></method><method name="hashCode" desc="()I" line="7" mark="unchanged" endLine="6"><counter type="INSTRUCTION" missed="0" covered="48"/><counter type="BRANCH" missed="0" covered="6"/><counter type="LINE" missed="0" covered="1"/><counter type="COMPLEXITY" missed="0" covered="4"/><counter type="METHOD" missed="0" covered="1"/></method><method name="toString" desc="()Ljava/lang/String;" line="7" mark="unchanged" endLine="7"><counter type="INSTRUCTION" missed="0" covered="22"/><counter type="LINE" missed="0" covered="1"/><counter type="COMPLEXITY" missed="0" covered="1"/><counter type="METHOD" missed="0" covered="1"/></method><method name="&lt;init&gt;" desc="()V" line="8" mark="unchanged" endLine="8"><counter type="INSTRUCTION" missed="0" covered="3"/><counter type="LINE" missed="0" covered="1"/><counter type="COMPLEXITY" missed="0" covered="1"/><counter type="METHOD" missed="0" covered="1"/></method><method name="&lt;init&gt;" desc="(Ljava/lang/String;Ljava/lang/String;Ljava/lang/Integer;)V" line="9" mark="unchanged" endLine="11"><counter type="INSTRUCTION" missed="0" covered="12"/><counter type="LINE" missed="0" covered="1"/><counter type="COMPLEXITY" missed="0" covered="1"/><counter type="METHOD" missed="0" covered="1"/></method><counter type="INSTRUCTION" missed="0" covered="181"/><counter type="BRANCH" missed="0" covered="30"/><counter type="LINE" missed="0" covered="12"/><counter type="COMPLEXITY" missed="0" covered="27"/><counter type="METHOD" missed="0" covered="12"/><counter type="CLASS" missed="1" covered="0"/></class><class name="com/wzl/jacoco/entity/IOU" sourcefilename="IOU.java" mark="unchanged"><method name="getName" desc="()Ljava/lang/String;" line="12" mark="unchanged" endLine="13"><counter type="INSTRUCTION" missed="0" covered="3"/><counter type="LINE" missed="0" covered="1"/><counter type="COMPLEXITY" missed="0" covered="1"/><counter type="METHOD" missed="0" covered="1"/></method><method name="getBorrowTime" desc="()Ljava/lang/String;" line="14" mark="unchanged" endLine="15"><counter type="INSTRUCTION" missed="0" covered="3"/><counter type="LINE" missed="0" covered="1"/><counter type="COMPLEXITY" missed="0" covered="1"/><counter type="METHOD" missed="0" covered="1"/></method><method name="getAmount" desc="()Ljava/lang/Integer;" line="16" mark="unchanged" endLine="17"><counter type="INSTRUCTION" missed="0" covered="3"/><counter type="LINE" missed="0" covered="1"/><counter type="COMPLEXITY" missed="0" covered="1"/><counter type="METHOD" missed="0" covered="1"/></method><method name="getNeedReturnAmount" desc="()Ljava/lang/Integer;" line="18" mark="unchanged" endLine="119"><counter type="INSTRUCTION" missed="0" covered="3"/><counter type="LINE" missed="0" covered="1"/><counter type="COMPLEXITY" missed="0" covered="1"/><counter type="METHOD" missed="0" covered="1"/></method><method name="setName" desc="(Ljava/lang/String;)V" line="7" mark="unchanged" endLine="6"><counter type="INSTRUCTION" missed="0" covered="4"/><counter type="LINE" missed="0" covered="1"/><counter type="COMPLEXITY" missed="0" covered="1"/><counter type="METHOD" missed="0" covered="1"/></method><method name="setBorrowTime" desc="(Ljava/lang/String;)V" line="7" mark="unchanged" endLine="6"><counter type="INSTRUCTION" missed="0" covered="4"/><counter type="LINE" missed="0" covered="1"/><counter type="COMPLEXITY" missed="0" covered="1"/><counter type="METHOD" missed="0" covered="1"/></method><method name="setAmount" desc="(Ljava/lang/Integer;)V" line="7" mark="unchanged" endLine="6"><counter type="INSTRUCTION" missed="0" covered="4"/><counter type="LINE" missed="0" covered="1"/><counter type="COMPLEXITY" missed="0" covered="1"/><counter type="METHOD" missed="0" covered="1"/></method><method name="setNeedReturnAmount" desc="(Ljava/lang/Integer;)V" line="7" mark="unchanged" endLine="6"><counter type="INSTRUCTION" missed="0" covered="4"/><counter type="LINE" missed="0" covered="1"/><counter type="COMPLEXITY" missed="0" covered="1"/><counter type="METHOD" missed="0" covered="1"/></method><method name="equals" desc="(Ljava/lang/Object;)Z" line="7" mark="unchanged" endLine="6"><counter type="INSTRUCTION" missed="0" covered="89"/><counter type="BRANCH" missed="0" covered="30"/><counter type="LINE" missed="0" covered="1"/><counter type="COMPLEXITY" missed="0" covered="16"/><counter type="METHOD" missed="0" covered="1"/></method><method name="canEqual" desc="(Ljava/lang/Object;)Z" line="7" mark="unchanged" endLine="6"><counter type="INSTRUCTION" missed="0" covered="3"/><counter type="LINE" missed="0" covered="1"/><counter type="COMPLEXITY" missed="0" covered="1"/><counter type="METHOD" missed="0" covered="1"/></method><method name="hashCode" desc="()I" line="7" mark="unchanged" endLine="6"><counter type="INSTRUCTION" missed="0" covered="62"/><counter type="BRANCH" missed="0" covered="8"/><counter type="LINE" missed="0" covered="1"/><counter type="COMPLEXITY" missed="0" covered="5"/><counter type="METHOD" missed="0" covered="1"/></method><method name="toString" desc="()Ljava/lang/String;" line="7" mark="unchanged" endLine="7"><counter type="INSTRUCTION" missed="0" covered="27"/><counter type="LINE" missed="0" covered="1"/><counter type="COMPLEXITY" missed="0" covered="1"/><counter type="METHOD" missed="0" covered="1"/></method><method name="&lt;init&gt;" desc="()V" line="8" mark="unchanged" endLine="8"><counter type="INSTRUCTION" missed="0" covered="3"/><counter type="LINE" missed="0" covered="1"/><counter type="COMPLEXITY" missed="0" covered="1"/><counter type="METHOD" missed="0" covered="1"/></method><method name="&lt;init&gt;" desc="(Ljava/lang/String;Ljava/lang/String;Ljava/lang/Integer;Ljava/lang/Integer;)V" line="9" mark="unchanged" endLine="11"><counter type="INSTRUCTION" missed="0" covered="15"/><counter type="LINE" missed="0" covered="1"/><counter type="COMPLEXITY" missed="0" covered="1"/><counter type="METHOD" missed="0" covered="1"/></method><counter type="INSTRUCTION" missed="0" covered="227"/><counter type="BRANCH" missed="0" covered="38"/><counter type="LINE" missed="0" covered="14"/><counter type="COMPLEXITY" missed="0" covered="33"/><counter type="METHOD" missed="0" covered="14"/><counter type="CLASS" missed="1" covered="0"/></class><sourcefile name="BookStorageInfo.java"><line nr="9" mi="0" ci="197" mb="0" cb="38" mark="unchanged"/><line nr="10" mi="0" ci="15" mb="0" cb="0" mark="unchanged"/><line nr="11" mi="0" ci="3" mb="0" cb="0" mark="unchanged"/><line nr="14" mi="0" ci="3" mb="0" cb="0" mark="unchanged"/><line nr="16" mi="0" ci="3" mb="0" cb="0" mark="unchanged"/><line nr="18" mi="0" ci="3" mb="0" cb="0" mark="unchanged"/><line nr="20" mi="0" ci="3" mb="0" cb="0" mark="unchanged"/><counter type="INSTRUCTION" missed="227" covered="0"/><counter type="BRANCH" missed="38" covered="0"/><counter type="LINE" missed="7" covered="0"/><counter type="COMPLEXITY" missed="33" covered="0"/><counter type="METHOD" missed="14" covered="0"/><counter type="CLASS" missed="1" covered="0"/></sourcefile><sourcefile name="BookBasicInfo.java"><line nr="7" mi="0" ci="117" mb="0" cb="22" mark="unchanged"/><line nr="8" mi="0" ci="9" mb="0" cb="0" mark="unchanged"/><line nr="9" mi="0" ci="3" mb="0" cb="0" mark="unchanged"/><line nr="12" mi="0" ci="3" mb="0" cb="0" mark="unchanged"/><line nr="14" mi="0" ci="3" mb="0" cb="0" mark="unchanged"/><counter type="INSTRUCTION" missed="135" covered="0"/><counter type="BRANCH" missed="22" covered="0"/><counter type="LINE" missed="5" covered="0"/><counter type="COMPLEXITY" missed="21" covered="0"/><counter type="METHOD" missed="10" covered="0"/><counter type="CLASS" missed="1" covered="0"/></sourcefile><sourcefile name="IOU.java"><line nr="7" mi="0" ci="197" mb="0" cb="38" mark="unchanged"/><line nr="8" mi="0" ci="3" mb="0" cb="0" mark="unchanged"/><line nr="9" mi="0" ci="15" mb="0" cb="0" mark="unchanged"/><line nr="12" mi="0" ci="3" mb="0" cb="0" mark="unchanged"/><line nr="14" mi="0" ci="3" mb="0" cb="0" mark="unchanged"/><line nr="16" mi="0" ci="3" mb="0" cb="0" mark="unchanged"/><line nr="18" mi="0" ci="3" mb="0" cb="0" mark="unchanged"/><counter type="INSTRUCTION" missed="227" covered="0"/><counter type="BRANCH" missed="38" covered="0"/><counter type="LINE" missed="7" covered="0"/><counter type="COMPLEXITY" missed="33" covered="0"/><counter type="METHOD" missed="14" covered="0"/><counter type="CLASS" missed="1" covered="0"/></sourcefile><sourcefile name="ReturnLog.java"><line nr="7" mi="0" ci="157" mb="0" cb="30" mark="unchanged"/><line nr="8" mi="0" ci="3" mb="0" cb="0" mark="unchanged"/><line nr="9" mi="0" ci="12" mb="0" cb="0" mark="unchanged"/><line nr="12" mi="0" ci="3" mb="0" cb="0" mark="unchanged"/><line nr="14" mi="0" ci="3" mb="0" cb="0" mark="unchanged"/><line nr="16" mi="0" ci="3" mb="0" cb="0" mark="unchanged"/><counter type="INSTRUCTION" missed="181" covered="0"/><counter type="BRANCH" missed="30" covered="0"/><counter type="LINE" missed="6" covered="0"/><counter type="COMPLEXITY" missed="27" covered="0"/><counter type="METHOD" missed="12" covered="0"/><counter type="CLASS" missed="1" covered="0"/></sourcefile><counter type="INSTRUCTION" missed="0" covered="770"/><counter type="BRANCH" missed="0" covered="128"/><counter type="LINE" missed="0" covered="50"/><counter type="COMPLEXITY" missed="0" covered="114"/><counter type="METHOD" missed="0" covered="50"/><counter type="CLASS" missed="4" covered="0"/></package><package name="com/wzl/jacoco" mark="unchanged"><class name="com/wzl/jacoco/Application" sourcefilename="Application.java" mark="unchanged"><method name="&lt;init&gt;" desc="()V" line="7" mark="unchanged" endLine="9"><counter type="INSTRUCTION" missed="0" covered="3"/><counter type="LINE" missed="0" covered="1"/><counter type="COMPLEXITY" missed="0" covered="1"/><counter type="METHOD" missed="0" covered="1"/></method><method name="main" desc="([Ljava/lang/String;)V" line="10" mark="unchanged" endLine="112"><counter type="INSTRUCTION" missed="0" covered="5"/><counter type="LINE" missed="0" covered="2"/><counter type="COMPLEXITY" missed="0" covered="1"/><counter type="METHOD" missed="0" covered="1"/></method><counter type="INSTRUCTION" missed="0" covered="8"/><counter type="LINE" missed="0" covered="3"/><counter type="COMPLEXITY" missed="0" covered="2"/><counter type="METHOD" missed="0" covered="2"/><counter type="CLASS" missed="0" covered="1"/></class><sourcefile name="Application.java"><line nr="7" mi="0" ci="3" mb="0" cb="0" mark="unchanged"/><line nr="10" mi="0" ci="4" mb="0" cb="0" mark="unchanged"/><line nr="11" mi="0" ci="1" mb="0" cb="0" mark="unchanged"/><counter type="INSTRUCTION" missed="0" covered="8"/><counter type="LINE" missed="0" covered="3"/><counter type="COMPLEXITY" missed="0" covered="2"/><counter type="METHOD" missed="0" covered="2"/><counter type="CLASS" missed="0" covered="1"/></sourcefile><counter type="INSTRUCTION" missed="0" covered="8"/><counter type="LINE" missed="0" covered="3"/><counter type="COMPLEXITY" missed="0" covered="2"/><counter type="METHOD" missed="0" covered="2"/><counter type="CLASS" missed="0" covered="1"/></package><package name="com/wzl/jacoco/storage" mark="unchanged"><class name="com/wzl/jacoco/storage/BookRepository" sourcefilename="BookRepository.java" mark="unchanged"><method name="&lt;init&gt;" desc="()V" line="13" mark="unchanged" endLine="12"><counter type="INSTRUCTION" missed="0" covered="3"/><counter type="LINE" missed="0" covered="1"/><counter type="COMPLEXITY" missed="0" covered="1"/><counter type="METHOD" missed="0" covered="1"/></method><method name="listBookStorageInfo" desc="()Ljava/util/List;" line="28" mark="unchanged" endLine="35"><counter type="INSTRUCTION" missed="0" covered="6"/><counter type="LINE" missed="0" covered="1"/><counter type="COMPLEXITY" missed="0" covered="1"/><counter type="METHOD" missed="0" covered="1"/></method><method name="getBookStorageInfo" desc="(Ljava/lang/String;)Lcom/wzl/jacoco/entity/BookStorageInfo;" line="36" mark="unchanged" endLine="45"><counter type="INSTRUCTION" missed="0" covered="19"/><counter type="BRANCH" missed="0" covered="4"/><counter type="LINE" missed="0" covered="2"/><counter type="COMPLEXITY" missed="0" covered="3"/><counter type="METHOD" missed="0" covered="1"/></method><method name="addBook" desc="(Ljava/lang/String;Ljava/lang/Integer;)V" line="46" mark="unchanged" endLine="68"><counter type="INSTRUCTION" missed="0" covered="52"/><counter type="BRANCH" missed="0" covered="2"/><counter type="LINE" missed="0" covered="13"/><counter type="COMPLEXITY" missed="0" covered="2"/><counter type="METHOD" missed="0" covered="1"/></method><method name="borrowBook" desc="(Ljava/lang/String;Ljava/lang/String;Ljava/lang/Integer;)V" line="69" mark="unchanged" endLine="90"><counter type="INSTRUCTION" missed="0" covered="90"/><counter type="BRANCH" missed="0" covered="16"/><counter type="LINE" missed="0" covered="13"/><counter type="COMPLEXITY" missed="0" covered="9"/><counter type="METHOD" missed="0" covered="1"/></method><method name="returnBook" desc="(Ljava/lang/String;Ljava/lang/String;Ljava/lang/Integer;)V" line="91" mark="unchanged" endLine="107"><counter type="INSTRUCTION" missed="0" covered="81"/><counter type="BRANCH" missed="0" covered="10"/><counter type="LINE" missed="0" covered="14"/><counter type="COMPLEXITY" missed="0" covered="6"/><counter type="METHOD" missed="0" covered="1"/></method><method name="findSomeoneUnReturnIOU" desc="(Ljava/lang/String;Ljava/util/LinkedList;)Lcom/wzl/jacoco/entity/IOU;" line="108" mark="unchanged" endLine="214"><counter type="INSTRUCTION" missed="0" covered="24"/><counter type="BRANCH" missed="0" covered="6"/><counter type="LINE" missed="0" covered="6"/><counter type="COMPLEXITY" missed="0" covered="4"/><counter type="METHOD" missed="0" covered="1"/></method><method name="&lt;clinit&gt;" desc="()V" line="13" mark="unchanged" endLine="27"><counter type="INSTRUCTION" missed="0" covered="44"/><counter type="BRANCH" missed="0" covered="2"/><counter type="LINE" missed="0" covered="5"/><counter type="COMPLEXITY" missed="0" covered="2"/><counter type="METHOD" missed="0" covered="1"/></method><counter type="INSTRUCTION" missed="0" covered="319"/><counter type="BRANCH" missed="0" covered="40"/><counter type="LINE" missed="0" covered="55"/><counter type="COMPLEXITY" missed="0" covered="28"/><counter type="METHOD" missed="0" covered="8"/><counter type="CLASS" missed="1" covered="0"/></class><sourcefile name="BookRepository.java"><line nr="13" mi="0" ci="10" mb="0" cb="2" mark="unchanged"/><line nr="18" mi="0" ci="4" mb="0" cb="0" mark="unchanged"/><line nr="19" mi="0" ci="16" mb="0" cb="0" mark="unchanged"/><line nr="20" mi="0" ci="16" mb="0" cb="0" mark="unchanged"/><line nr="21" mi="0" ci="1" mb="0" cb="0" mark="unchanged"/><line nr="28" mi="0" ci="6" mb="0" cb="0" mark="unchanged"/><line nr="36" mi="0" ci="11" mb="0" cb="4" mark="unchanged"/><line nr="37" mi="0" ci="8" mb="0" cb="0" mark="unchanged"/><line nr="46" mi="0" ci="4" mb="0" cb="0" mark="unchanged"/><line nr="47" mi="0" ci="4" mb="0" cb="2" mark="unchanged"/><line nr="48" mi="0" ci="5" mb="0" cb="0" mark="unchanged"/><line nr="49" mi="0" ci="9" mb="0" cb="0" mark="unchanged"/><line nr="50" mi="0" ci="5" mb="0" cb="0" mark="unchanged"/><line nr="51" mi="0" ci="1" mb="0" cb="0" mark="unchanged"/><line nr="52" mi="0" ci="4" mb="0" cb="0" mark="unchanged"/><line nr="53" mi="0" ci="3" mb="0" cb="0" mark="unchanged"/><line nr="54" mi="0" ci="3" mb="0" cb="0" mark="unchanged"/><line nr="55" mi="0" ci="5" mb="0" cb="0" mark="unchanged"/><line nr="56" mi="0" ci="5" mb="0" cb="0" mark="unchanged"/><line nr="58" mi="0" ci="3" mb="0" cb="0" mark="unchanged"/><line nr="59" mi="0" ci="1" mb="0" cb="0" mark="unchanged"/><line nr="69" mi="0" ci="11" mb="0" cb="4" mark="unchanged"/><line nr="70" mi="0" ci="10" mb="0" cb="4" mark="unchanged"/><line nr="71" mi="0" ci="4" mb="0" cb="0" mark="unchanged"/><line nr="72" mi="0" ci="5" mb="0" cb="0" mark="unchanged"/><line nr="73" mi="0" ci="5" mb="0" cb="0" mark="unchanged"/><line nr="74" mi="0" ci="9" mb="0" cb="4" mark="unchanged"/><line nr="75" mi="0" ci="13" mb="0" cb="4" mark="unchanged"/><line nr="76" mi="0" ci="9" mb="0" cb="0" mark="unchanged"/><line nr="77" mi="0" ci="11" mb="0" cb="0" mark="unchanged"/><line nr="78" mi="0" ci="4" mb="0" cb="0" mark="unchanged"/><line nr="79" mi="0" ci="5" mb="0" cb="0" mark="unchanged"/><line nr="80" mi="0" ci="3" mb="0" cb="0" mark="unchanged"/><line nr="81" mi="0" ci="1" mb="0" cb="0" mark="unchanged"/><line nr="91" mi="0" ci="4" mb="0" cb="2" mark="unchanged"/><line nr="92" mi="0" ci="5" mb="0" cb="0" mark="unchanged"/><line nr="94" mi="0" ci="10" mb="0" cb="4" mark="unchanged"/><line nr="95" mi="0" ci="4" mb="0" cb="0" mark="unchanged"/><line nr="96" mi="0" ci="5" mb="0" cb="0" mark="unchanged"/><line nr="97" mi="0" ci="5" mb="0" cb="0" mark="unchanged"/><line nr="98" mi="0" ci="9" mb="0" cb="4" mark="unchanged"/><line nr="99" mi="0" ci="9" mb="0" cb="0" mark="unchanged"/><line nr="100" mi="0" ci="9" mb="0" cb="0" mark="unchanged"/><line nr="101" mi="0" ci="5" mb="0" cb="0" mark="unchanged"/><line nr="102" mi="0" ci="7" mb="0" cb="0" mark="unchanged"/><line nr="103" mi="0" ci="5" mb="0" cb="0" mark="unchanged"/><line nr="104" mi="0" ci="3" mb="0" cb="0" mark="unchanged"/><line nr="105" mi="0" ci="1" mb="0" cb="0" mark="unchanged"/><line nr="108" mi="0" ci="10" mb="0" cb="2" mark="unchanged"/><line nr="109" mi="0" ci="5" mb="0" cb="2" mark="unchanged"/><line nr="110" mi="0" ci="4" mb="0" cb="2" mark="unchanged"/><line nr="111" mi="0" ci="2" mb="0" cb="0" mark="unchanged"/><line nr="114" mi="0" ci="1" mb="0" cb="0" mark="unchanged"/><line nr="115" mi="0" ci="2" mb="0" cb="0" mark="unchanged"/><counter type="INSTRUCTION" missed="319" covered="0"/><counter type="BRANCH" missed="40" covered="0"/><counter type="LINE" missed="54" covered="0"/><counter type="COMPLEXITY" missed="28" covered="0"/><counter type="METHOD" missed="8" covered="0"/><counter type="CLASS" missed="1" covered="0"/></sourcefile><counter type="INSTRUCTION" missed="0" covered="319"/><counter type="BRANCH" missed="0" covered="40"/><counter type="LINE" missed="0" covered="55"/><counter type="COMPLEXITY" missed="0" covered="28"/><counter type="METHOD" missed="0" covered="8"/><counter type="CLASS" missed="1" covered="0"/></package><package name="com/wzl/jacoco/controller" mark="changed"><class name="com/wzl/jacoco/controller/RentController" sourcefilename="RentController.java" mark="unchanged"><method name="&lt;init&gt;" desc="()V" line="14" mark="unchanged" endLine="17"><counter type="INSTRUCTION" missed="0" covered="3"/><counter type="LINE" missed="0" covered="1"/><counter type="COMPLEXITY" missed="0" covered="1"/><counter type="METHOD" missed="0" covered="1"/></method><method name="borrowBook" desc="(Ljava/lang/String;Ljava/lang/String;Ljava/lang/Integer;)Ljava/lang/String;" line="18" mark="unchanged" endLine="121"><counter type="INSTRUCTION" missed="0" covered="20"/><counter type="LINE" missed="0" covered="3"/><counter type="COMPLEXITY" missed="0" covered="1"/><counter type="METHOD" missed="0" covered="1"/></method><counter type="INSTRUCTION" missed="0" covered="23"/><counter type="LINE" missed="0" covered="4"/><counter type="COMPLEXITY" missed="0" covered="2"/><counter type="METHOD" missed="0" covered="2"/><counter type="CLASS" missed="0" covered="1"/></class><class name="com/wzl/jacoco/controller/BookRepositoryController" sourcefilename="BookRepositoryController.java"><method name="&lt;init&gt;" desc="()V" line="18" mark="unchanged" endLine="21"><counter type="INSTRUCTION" missed="0" covered="3"/><counter type="LINE" missed="0" covered="1"/><counter type="COMPLEXITY" missed="0" covered="1"/><counter type="METHOD" missed="0" covered="1"/></method><method name="getBook" desc="(Ljava/lang/String;)Lcom/wzl/jacoco/entity/BookBasicInfo;" line="22" hash="1577423550" mark="changed" endLine="32"><counter type="INSTRUCTION" missed="14" covered="0"/><counter type="LINE" missed="3" covered="0"/><counter type="COMPLEXITY" missed="1" covered="0"/><counter type="METHOD" missed="1" covered="0"/></method><method name="listBooks" desc="()Ljava/util/List;" line="33" hash="2142812209" mark="changed" endLine="35"><counter type="INSTRUCTION" missed="6" covered="9"/><counter type="LINE" missed="5" covered="0"/><counter type="COMPLEXITY" missed="1" covered="0"/><counter type="METHOD" missed="1" covered="0"/></method><method name="lambda$listBooks$0" desc="(Lcom/wzl/jacoco/entity/BookStorageInfo;)Lcom/wzl/jacoco/entity/BookBasicInfo;" line="36" mark="unchanged" endLine="137"><counter type="INSTRUCTION" missed="0" covered="8"/><counter type="LINE" missed="0" covered="1"/><counter type="COMPLEXITY" missed="0" covered="1"/><counter type="METHOD" missed="0" covered="1"/></method><method name="&lt;clinit&gt;" desc="()V" line="17" mark="unchanged" endLine="17"><counter type="INSTRUCTION" missed="0" covered="4"/><counter type="LINE" missed="0" covered="1"/><counter type="COMPLEXITY" missed="0" covered="1"/><counter type="METHOD" missed="0" covered="1"/></method><counter type="INSTRUCTION" missed="20" covered="24"/><counter type="LINE" missed="8" covered="3"/><counter type="COMPLEXITY" missed="2" covered="3"/><counter type="METHOD" missed="2" covered="3"/><counter type="CLASS" missed="0" covered="1"/></class><sourcefile name="RentController.java"><line nr="14" mi="0" ci="3" mb="0" cb="0" mark="unchanged"/><line nr="18" mi="0" ci="4" mb="0" cb="0" mark="unchanged"/><line nr="19" mi="0" ci="11" mb="0" cb="0" mark="unchanged"/><line nr="20" mi="0" ci="5" mb="0" cb="0" mark="unchanged"/><counter type="INSTRUCTION" missed="20" covered="3"/><counter type="LINE" missed="3" covered="1"/><counter type="COMPLEXITY" missed="1" covered="1"/><counter type="METHOD" missed="1" covered="1"/><counter type="CLASS" missed="0" covered="1"/></sourcefile><sourcefile name="BookRepositoryController.java"><line nr="17" mi="0" ci="4" mb="0" cb="0" mark="unchanged"/><line nr="18" mi="0" ci="3" mb="0" cb="0" mark="unchanged"/><line nr="22" mi="3" ci="0" mb="0" cb="0" mark="changed"/><line nr="23" mi="3" ci="0" mb="0" cb="0" mark="changed"/><line nr="28" mi="8" ci="0" mb="0" cb="0" mark="changed"/><line nr="33" mi="3" ci="0" mb="0" cb="0" mark="changed"/><line nr="34" mi="2" ci="0" mb="0" cb="0" mark="changed"/><line nr="35" mi="4" ci="0" mb="0" cb="0" mark="changed"/><line nr="36" mi="0" ci="9" mb="0" cb="0" mark="unchanged"/><line nr="37" mi="0" ci="3" mb="0" cb="0" mark="unchanged"/><counter type="INSTRUCTION" missed="35" covered="7"/><counter type="LINE" missed="8" covered="2"/><counter type="COMPLEXITY" missed="3" covered="2"/><counter type="METHOD" missed="3" covered="2"/><counter type="CLASS" missed="0" covered="1"/></sourcefile><counter type="INSTRUCTION" missed="20" covered="47"/><counter type="LINE" missed="8" covered="7"/><counter type="COMPLEXITY" missed="2" covered="5"/><counter type="METHOD" missed="2" covered="5"/><counter type="CLASS" missed="0" covered="2"/></package><counter type="INSTRUCTION" missed="20" covered="1144"/><counter type="BRANCH" missed="0" covered="168"/><counter type="LINE" missed="8" covered="115"/><counter type="COMPLEXITY" missed="2" covered="149"/><counter type="METHOD" missed="2" covered="65"/><counter type="CLASS" missed="5" covered="3"/></report>